[2025-07-04 13:48:03] [6867bf7356b52] [INFO] [Memory: 0.93MB] [Time: 0s] === Avvio sessione import (ID: 6867bf7356b52) ===
[2025-07-04 13:48:03] [6867bf7356b52] [INFO] [Memory: 0.97MB] [Time: 0.004s] Cache inizializzate | Context: {"dipendenti":14,"aziende":9,"veicoli":5}
[2025-07-04 13:48:03] [6867bf7356b52] [INFO] [Memory: 0.97MB] [Time: 0.005s] Configurazioni caricate | Context: {"categorie":["generale","import","kpi"]}
[2025-07-04 13:48:03] [6867bf7356b52] [INFO] [Memory: 0.95MB] [Time: 0.006s] Inizio processing file | Context: {"file":"uploads\/smart_2025-07-04_13-48-03\/attivita.csv","suggested_type":"attivita"}
[2025-07-04 13:48:03] [6867bf7356b52] [INFO] [Memory: 0.95MB] [Time: 0.007s] Tipo file rilevato | Context: {"type":"attivita"}
[2025-07-04 13:48:03] [6867bf7356b52] [INFO] [Memory: 0.97MB] [Time: 0.013s] Creato nuovo progetto | Context: {"codice":"P25-426 - Wittmann - Nuovo Server HPE - Scad. 15\/06","id":"1"}
[2025-07-04 13:48:03] [6867bf7356b52] [INFO] [Memory: 0.97MB] [Time: 0.072s] Creato nuovo progetto | Context: {"codice":"A25-015 - ISOTERMA - Migrazione dati da Dropbox a SharePoint","id":"2"}
[2025-07-04 13:48:03] [6867bf7356b52] [INFO] [Memory: 0.97MB] [Time: 0.18s] Creato nuovo progetto | Context: {"codice":"A25-019 - BAIT - Progetto CRM - Scadenza 15\/03\/2025","id":"3"}
[2025-07-04 13:48:03] [6867bf7356b52] [INFO] [Memory: 0.97MB] [Time: 0.182s] Creato nuovo progetto | Context: {"codice":"P24-731 - ELECTRALINE CBB - Aggiornamento Firewall scad 31\/03\/2025","id":"4"}
[2025-07-04 13:48:03] [6867bf7356b52] [INFO] [Memory: 0.98MB] [Time: 0.24s] Creato nuovo progetto | Context: {"codice":"S25-1434 - Electraline CBB - Installazione 9 licenze Kaspersky MDR","id":"5"}
[2025-07-04 13:48:03] [6867bf7356b52] [INFO] [Memory: 0.98MB] [Time: 0.245s] Creato nuovo progetto | Context: {"codice":"S25-493 - Electraline CBB - Installazione 8 licenze Kaspersky powered by A&B Consulting srl","id":"6"}
[2025-07-04 13:48:03] [6867bf7356b52] [INFO] [Memory: 0.98MB] [Time: 0.337s] Creato nuovo progetto | Context: {"codice":"S25-1433 - Electraline 3P Mark - installazione 6 Kaspersky MDR","id":"7"}
[2025-07-04 13:48:03] [6867bf7356b52] [INFO] [Memory: 0.99MB] [Time: 0.455s] Creato nuovo progetto | Context: {"codice":"P25-480 - Garibaldina installazione Notebook Dario","id":"8"}
[2025-07-04 13:48:03] [6867bf7356b52] [INFO] [Memory: 1MB] [Time: 0.512s] Creato nuovo progetto | Context: {"codice":"A25-026 - MAXMODA - Migrazione Database Power BI da MAXSRV11 a MAXSRV-04","id":"9"}
[2025-07-04 13:48:03] [6867bf7356b52] [INFO] [Memory: 1MB] [Time: 0.581s] Creato nuovo progetto | Context: 
[2025-07-04 13:48:04] [6867bf7356b52] [INFO] [Memory: 1MB] [Time: 0.675s] Creato nuovo progetto | Context: {"codice":"P24-493 - AMROP - Vulnerability e Security Assessment","id":"11"}
[2025-07-04 13:48:04] [6867bf7356b52] [INFO] [Memory: 1MB] [Time: 0.694s] Creato nuovo progetto | Context: {"codice":"A25-031 - BAIT - Gestionale licenze","id":"14"}
[2025-07-04 13:48:04] [6867bf7356b52] [INFO] [Memory: 1.01MB] [Time: 0.779s] Creato nuovo progetto | Context: {"codice":"A25-030 - BAIT Implementazione IA","id":"16"}
[2025-07-04 13:48:04] [6867bf7356b52] [INFO] [Memory: 1.01MB] [Time: 0.924s] Creato nuovo progetto | Context: {"codice":"A25-029 - BAIT SERVICE- Analisi Clienti per Migrazione OS Windows 11","id":"17"}
[2025-07-04 13:48:04] [6867bf7356b52] [INFO] [Memory: 1.03MB] [Time: 1.162s] Creato nuovo progetto | Context: {"codice":"S25-362 - Silanos configurazione e installazione 7 Kaspersky Industrial CyberSecurity for Nodes -","id":"18"}
[2025-07-04 13:48:04] [6867bf7356b52] [INFO] [Memory: 1.04MB] [Time: 1.242s] Creato nuovo progetto | Context: {"codice":"P25-304 - Silanos Progetto Segmentazione Rete Interna","id":"19"}
[2025-07-04 13:48:04] [6867bf7356b52] [INFO] [Memory: 1.05MB] [Time: 1.493s] Creato nuovo progetto | Context: 
[2025-07-04 13:48:05] [6867bf7356b52] [INFO] [Memory: 1.05MB] [Time: 1.647s] Inizio processing file | Context: {"file":"uploads\/smart_2025-07-04_13-48-03\/calendario.csv","suggested_type":"calendario"}
[2025-07-04 13:48:05] [6867bf7356b52] [INFO] [Memory: 1.05MB] [Time: 1.648s] Tipo file rilevato | Context: {"type":"calendario"}
[2025-07-04 13:48:05] [6867bf7356b52] [ERROR] [Memory: 1.05MB] [Time: 1.649s] Errore processing file | Context: {"error":"Processing calendario non ancora implementato"}
[2025-07-04 13:48:05] [6867bf7356b52] [INFO] [Memory: 1.05MB] [Time: 1.651s] Inizio processing file | Context: {"file":"uploads\/smart_2025-07-04_13-48-03\/apprilevazionepresenze-timbrature-totali-base.csv","suggested_type":"timbrature"}
[2025-07-04 13:48:05] [6867bf7356b52] [INFO] [Memory: 1.05MB] [Time: 1.651s] Tipo file rilevato | Context: {"type":"timbrature"}
[2025-07-04 13:48:05] [6867bf7356b52] [ERROR] [Memory: 1.05MB] [Time: 1.652s] Errore processing file | Context: {"error":"Processing timbrature non ancora implementato"}
[2025-07-04 13:48:05] [6867bf7356b52] [INFO] [Memory: 1.05MB] [Time: 1.653s] Inizio processing file | Context: {"file":"uploads\/smart_2025-07-04_13-48-03\/teamviewer_bait.csv","suggested_type":"teamviewer"}
[2025-07-04 13:48:05] [6867bf7356b52] [INFO] [Memory: 1.05MB] [Time: 1.653s] Tipo file rilevato | Context: {"type":"teamviewer"}
[2025-07-04 13:48:05] [6867bf7356b52] [ERROR] [Memory: 1.05MB] [Time: 1.653s] Errore processing file | Context: {"error":"Processing teamviewer non ancora implementato"}
[2025-07-04 13:48:40] [6867bf983c87a] [INFO] [Memory: 0.83MB] [Time: 0s] === Avvio sessione import (ID: 6867bf983c87a) ===
[2025-07-04 13:48:40] [6867bf983c87a] [INFO] [Memory: 0.87MB] [Time: 0.004s] Cache inizializzate | Context: {"dipendenti":14,"aziende":9,"veicoli":5}
[2025-07-04 13:48:40] [6867bf983c87a] [INFO] [Memory: 0.87MB] [Time: 0.005s] Configurazioni caricate | Context: {"categorie":["generale","import","kpi"]}
